<?xml version="1.0" encoding="UTF-8"?>
<testng-results ignored="0" total="1" passed="1" failed="0" skipped="0">
  <reporter-output>
  </reporter-output>
  <suite started-at="2023-06-20T15:38:45 IST" name="Default suite" finished-at="2023-06-20T15:38:45 IST" duration-ms="203">
    <groups>
    </groups>
    <test started-at="2023-06-20T15:38:45 IST" name="Default test" finished-at="2023-06-20T15:38:45 IST" duration-ms="203">
      <class name="Sample.Annotation1">
        <test-method is-config="true" signature="test2()[pri:0, instance:Sample.Annotation1@14cd1699]" started-at="2023-06-20T15:38:45 IST" name="test2" finished-at="2023-06-20T15:38:45 IST" duration-ms="45" status="PASS">
          <reporter-output>
          </reporter-output>
        </test-method> <!-- test2 -->
        <test-method is-config="true" signature="test3()[pri:0, instance:Sample.Annotation1@14cd1699]" started-at="2023-06-20T15:38:45 IST" name="test3" finished-at="2023-06-20T15:38:45 IST" duration-ms="1" status="PASS">
          <reporter-output>
          </reporter-output>
        </test-method> <!-- test3 -->
        <test-method signature="test1()[pri:0, instance:Sample.Annotation1@14cd1699]" started-at="2023-06-20T15:38:45 IST" name="test1" finished-at="2023-06-20T15:38:45 IST" duration-ms="15" status="PASS">
          <reporter-output>
          </reporter-output>
        </test-method> <!-- test1 -->
        <test-method is-config="true" signature="test5()[pri:0, instance:Sample.Annotation1@14cd1699]" started-at="2023-06-20T15:38:45 IST" name="test5" finished-at="2023-06-20T15:38:45 IST" duration-ms="1" status="PASS">
          <reporter-output>
          </reporter-output>
        </test-method> <!-- test5 -->
        <test-method is-config="true" signature="test4()[pri:0, instance:Sample.Annotation1@14cd1699]" started-at="2023-06-20T15:38:45 IST" name="test4" finished-at="2023-06-20T15:38:45 IST" duration-ms="2" status="PASS">
          <reporter-output>
          </reporter-output>
        </test-method> <!-- test4 -->
      </class> <!-- Sample.Annotation1 -->
    </test> <!-- Default test -->
  </suite> <!-- Default suite -->
</testng-results>
